<?xml version="1.0" encoding="UTF-8"?>
<testng-results skipped="0" failed="0" total="3" passed="3">
  <reporter-output>
  </reporter-output>
  <suite name="Default suite" duration-ms="23" started-at="2013-09-07T20:09:42Z" finished-at="2013-09-07T20:09:42Z">
    <groups>
    </groups>
    <test name="Default test" duration-ms="23" started-at="2013-09-07T20:09:42Z" finished-at="2013-09-07T20:09:42Z">
      <class name="com.skilledmonster.example.InheritedDependencyTest">
        <test-method status="PASS" signature="start()[pri:0, instance:com.skilledmonster.example.InheritedDependencyTest@73901437]" name="start" duration-ms="8" started-at="2013-09-07T16:09:42Z" finished-at="2013-09-07T16:09:42Z">
          <reporter-output>
          </reporter-output>
        </test-method> <!-- start -->
        <test-method status="PASS" signature="process()[pri:0, instance:com.skilledmonster.example.InheritedDependencyTest@73901437]" name="process" duration-ms="1" started-at="2013-09-07T16:09:42Z" depends-on-methods="com.skilledmonster.example.DependencyTest.start" finished-at="2013-09-07T16:09:42Z">
          <reporter-output>
          </reporter-output>
        </test-method> <!-- process -->
        <test-method status="PASS" signature="stop()[pri:0, instance:com.skilledmonster.example.InheritedDependencyTest@73901437]" name="stop" duration-ms="1" started-at="2013-09-07T16:09:42Z" depends-on-methods="com.skilledmonster.example.InheritedDependencyTest.process" finished-at="2013-09-07T16:09:42Z">
          <reporter-output>
          </reporter-output>
        </test-method> <!-- stop -->
      </class> <!-- com.skilledmonster.example.InheritedDependencyTest -->
    </test> <!-- Default test -->
  </suite> <!-- Default suite -->
</testng-results>
