<?xml version="1.0" encoding="UTF-8"?>
<!-- Generated by org.testng.reporters.JUnitXMLReporter -->
<testsuite hostname="ACCJAGAMOTDELL" name="Default test" tests="2" failures="0" timestamp="30 Aug 2013 22:57:10 GMT" time="0.022" errors="0">
  <testcase name="validateDifference" time="0.0060" classname="com.skilledmonster.example.TestNGAnnotationBeforeClassExample"/>
  <testcase name="validateSum" time="0.0010" classname="com.skilledmonster.example.TestNGAnnotationBeforeClassExample"/>
</testsuite> <!-- Default test -->
