<?xml version="1.0" encoding="UTF-8"?>
<!-- Generated by org.testng.reporters.JUnitXMLReporter -->
<testsuite hostname="ACCJAGAMOTDELL" name="Default test" tests="2" failures="0" timestamp="1 Sep 2013 18:13:26 GMT" time="0.024" errors="0">
  <testcase name="validateDifference" time="0.0050" classname="com.skilledmonster.example.TestNGAnnotationBeforeClassExample"/>
  <testcase name="validateSum" time="0.0010" classname="com.skilledmonster.example.TestNGAnnotationBeforeClassExample"/>
</testsuite> <!-- Default test -->
