<?xml version="1.0" encoding="UTF-8"?>
<!-- Generated by org.testng.reporters.JUnitXMLReporter -->
<testsuite hostname="ACCJAGAMOTDELL" name="Default test" tests="6" failures="0" timestamp="1 Sep 2013 21:52:21 GMT" time="0.032" errors="0">
  <testcase name="testMultiple" time="0.0060" classname="com.skilledmonster.example.TestNGAnnotationTestDataProviderExample"/>
  <testcase name="testMultiple" time="0.0" classname="com.skilledmonster.example.TestNGAnnotationTestDataProviderExample"/>
  <testcase name="testMultiple" time="0.0" classname="com.skilledmonster.example.TestNGAnnotationTestDataProviderExample"/>
  <testcase name="testSum" time="0.0010" classname="com.skilledmonster.example.TestNGAnnotationTestDataProviderExample"/>
  <testcase name="testSum" time="0.0010" classname="com.skilledmonster.example.TestNGAnnotationTestDataProviderExample"/>
  <testcase name="testSum" time="0.0" classname="com.skilledmonster.example.TestNGAnnotationTestDataProviderExample"/>
</testsuite> <!-- Default test -->
