<?xml version="1.0" encoding="UTF-8"?>
<!-- Generated by org.testng.reporters.JUnitXMLReporter -->
<testsuite hostname="ACCJAGAMOTDELL" name="Default test" tests="3" failures="0" timestamp="7 Sep 2013 20:09:42 GMT" time="0.023" errors="0">
  <testcase name="start" time="0.0080" classname="com.skilledmonster.example.InheritedDependencyTest"/>
  <testcase name="process" time="0.0010" classname="com.skilledmonster.example.InheritedDependencyTest"/>
  <testcase name="stop" time="0.0010" classname="com.skilledmonster.example.InheritedDependencyTest"/>
</testsuite> <!-- Default test -->
