<?xml version="1.0" encoding="UTF-8"?>
<testng-results skipped="0" failed="0" total="2" passed="2">
  <reporter-output>
  </reporter-output>
  <suite name="Default suite" duration-ms="22" started-at="2013-08-30T23:01:12Z" finished-at="2013-08-30T23:01:12Z">
    <groups>
    </groups>
    <test name="Default test" duration-ms="22" started-at="2013-08-30T23:01:12Z" finished-at="2013-08-30T23:01:12Z">
      <class name="com.skilledmonster.example.TestNGAnnotationBeforeClassExample">
        <test-method status="PASS" signature="validateDifference()[pri:0, instance:com.skilledmonster.example.TestNGAnnotationBeforeClassExample@2dafae45]" name="validateDifference" duration-ms="10" started-at="2013-08-30T19:01:12Z" finished-at="2013-08-30T19:01:12Z">
          <reporter-output>
          </reporter-output>
        </test-method> <!-- validateDifference -->
        <test-method status="PASS" signature="intializeBeforeClass()[pri:0, instance:com.skilledmonster.example.TestNGAnnotationBeforeClassExample@2dafae45]" name="intializeBeforeClass" is-config="true" duration-ms="1" started-at="2013-08-30T19:01:12Z" finished-at="2013-08-30T19:01:12Z">
          <reporter-output>
          </reporter-output>
        </test-method> <!-- intializeBeforeClass -->
        <test-method status="PASS" signature="validateSum()[pri:0, instance:com.skilledmonster.example.TestNGAnnotationBeforeClassExample@2dafae45]" name="validateSum" duration-ms="1" started-at="2013-08-30T19:01:12Z" finished-at="2013-08-30T19:01:12Z">
          <reporter-output>
          </reporter-output>
        </test-method> <!-- validateSum -->
        <test-method status="PASS" signature="intializeBeforeClass()[pri:0, instance:com.skilledmonster.example.TestNGAnnotationBeforeClassExample@2dafae45]" name="intializeBeforeClass" is-config="true" duration-ms="0" started-at="2013-08-30T19:01:12Z" finished-at="2013-08-30T19:01:12Z">
          <reporter-output>
          </reporter-output>
        </test-method> <!-- intializeBeforeClass -->
      </class> <!-- com.skilledmonster.example.TestNGAnnotationBeforeClassExample -->
    </test> <!-- Default test -->
  </suite> <!-- Default suite -->
</testng-results>
