<?xml version="1.0" encoding="UTF-8"?>
<testng-results skipped="0" failed="0" total="4" passed="4">
  <reporter-output>
  </reporter-output>
  <suite name="Default suite" duration-ms="24" started-at="2013-09-01T20:04:08Z" finished-at="2013-09-01T20:04:08Z">
    <groups>
    </groups>
    <test name="Default test" duration-ms="24" started-at="2013-09-01T20:04:08Z" finished-at="2013-09-01T20:04:08Z">
      <class name="com.skilledmonster.example.TestNGAnnotationTestExample">
        <test-method status="PASS" signature="init()[pri:0, instance:com.skilledmonster.example.TestNGAnnotationTestExample@583e0ebb]" name="init" is-config="true" duration-ms="6" started-at="2013-09-01T16:04:08Z" finished-at="2013-09-01T16:04:08Z">
          <reporter-output>
          </reporter-output>
        </test-method> <!-- init -->
        <test-method status="PASS" signature="testDiv()[pri:0, instance:com.skilledmonster.example.TestNGAnnotationTestExample@583e0ebb]" name="testDiv" duration-ms="5" started-at="2013-09-01T16:04:08Z" finished-at="2013-09-01T16:04:08Z">
          <reporter-output>
          </reporter-output>
        </test-method> <!-- testDiv -->
        <test-method status="PASS" signature="testMultiple()[pri:0, instance:com.skilledmonster.example.TestNGAnnotationTestExample@583e0ebb]" name="testMultiple" duration-ms="1" started-at="2013-09-01T16:04:08Z" finished-at="2013-09-01T16:04:08Z">
          <reporter-output>
          </reporter-output>
        </test-method> <!-- testMultiple -->
        <test-method status="PASS" signature="testSub()[pri:0, instance:com.skilledmonster.example.TestNGAnnotationTestExample@583e0ebb]" name="testSub" duration-ms="0" started-at="2013-09-01T16:04:08Z" finished-at="2013-09-01T16:04:08Z">
          <reporter-output>
          </reporter-output>
        </test-method> <!-- testSub -->
        <test-method status="PASS" signature="testSum()[pri:0, instance:com.skilledmonster.example.TestNGAnnotationTestExample@583e0ebb]" name="testSum" duration-ms="1" started-at="2013-09-01T16:04:08Z" finished-at="2013-09-01T16:04:08Z">
          <reporter-output>
          </reporter-output>
        </test-method> <!-- testSum -->
      </class> <!-- com.skilledmonster.example.TestNGAnnotationTestExample -->
    </test> <!-- Default test -->
  </suite> <!-- Default suite -->
</testng-results>
