<?xml version="1.0" encoding="UTF-8"?>
<testng-results skipped="0" failed="0" total="2" passed="2">
  <reporter-output>
  </reporter-output>
  <suite name="Default suite" duration-ms="21" started-at="2013-08-30T22:50:35Z" finished-at="2013-08-30T22:50:35Z">
    <groups>
    </groups>
    <test name="Default test" duration-ms="21" started-at="2013-08-30T22:50:35Z" finished-at="2013-08-30T22:50:35Z">
      <class name="com.skilledmonster.example.TestNGAnnotationBeforeClassExample">
        <test-method status="PASS" signature="intializeBeforeClass()[pri:0, instance:com.skilledmonster.example.TestNGAnnotationBeforeClassExample@72e6f7d2]" name="intializeBeforeClass" is-config="true" duration-ms="5" started-at="2013-08-30T18:50:35Z" finished-at="2013-08-30T18:50:35Z">
          <reporter-output>
          </reporter-output>
        </test-method> <!-- intializeBeforeClass -->
        <test-method status="PASS" signature="validateDifference()[pri:0, instance:com.skilledmonster.example.TestNGAnnotationBeforeClassExample@72e6f7d2]" name="validateDifference" duration-ms="6" started-at="2013-08-30T18:50:35Z" finished-at="2013-08-30T18:50:35Z">
          <reporter-output>
          </reporter-output>
        </test-method> <!-- validateDifference -->
        <test-method status="PASS" signature="validateSum()[pri:0, instance:com.skilledmonster.example.TestNGAnnotationBeforeClassExample@72e6f7d2]" name="validateSum" duration-ms="1" started-at="2013-08-30T18:50:35Z" finished-at="2013-08-30T18:50:35Z">
          <reporter-output>
          </reporter-output>
        </test-method> <!-- validateSum -->
      </class> <!-- com.skilledmonster.example.TestNGAnnotationBeforeClassExample -->
    </test> <!-- Default test -->
  </suite> <!-- Default suite -->
</testng-results>
