<?xml version="1.0" encoding="UTF-8"?>
<!-- Generated by org.testng.reporters.JUnitXMLReporter -->
<testsuite hostname="ACCJAGAMOTDELL" name="Default test" tests="2" failures="0" timestamp="1 Sep 2013 18:13:05 GMT" time="0.023" errors="0">
  <testcase name="validateDifference" time="0.011" classname="com.skilledmonster.example.TestNGAnnotationAfterClassExample"/>
  <testcase name="validateSum" time="0.0" classname="com.skilledmonster.example.TestNGAnnotationAfterClassExample"/>
</testsuite> <!-- Default test -->
