<?xml version="1.0" encoding="UTF-8"?>
<!-- Generated by org.testng.reporters.JUnitXMLReporter -->
<testsuite hostname="ACCJAGAMOTDELL" name="Default test" tests="4" failures="0" timestamp="1 Sep 2013 20:04:08 GMT" time="0.024" errors="0">
  <testcase name="testDiv" time="0.0050" classname="com.skilledmonster.example.TestNGAnnotationTestExample"/>
  <testcase name="testMultiple" time="0.0010" classname="com.skilledmonster.example.TestNGAnnotationTestExample"/>
  <testcase name="testSub" time="0.0" classname="com.skilledmonster.example.TestNGAnnotationTestExample"/>
  <testcase name="testSum" time="0.0010" classname="com.skilledmonster.example.TestNGAnnotationTestExample"/>
</testsuite> <!-- Default test -->
